<?xml version="1.0" encoding="UTF-8"?>
<!-- Generated by org.testng.reporters.JUnitReportReporter -->
<testsuite hostname="DESKTOP-3J3MTSB" name="org.abk.testcases.HomePageTest" tests="1" failures="0" timestamp="27 Nov 2019 17:11:59 GMT" time="64.107" errors="0">
  <testcase name="searchForHome" time="64.107" classname="org.abk.testcases.HomePageTest"/>
</testsuite> <!-- org.abk.testcases.HomePageTest -->
