<?xml version="1.0" encoding="UTF-8"?>
<!-- Generated by org.testng.reporters.JUnitReportReporter -->
<testsuite hostname="INHYDLABKKUMAR" name="org.abk.testcases.HomePageTest" tests="1" failures="0" timestamp="26 Nov 2019 09:30:52 GMT" time="52.144" errors="0">
  <testcase name="searchForHome" time="52.144" classname="org.abk.testcases.HomePageTest"/>
</testsuite> <!-- org.abk.testcases.HomePageTest -->
